<?xml version="1.0" encoding="UTF-8"?>
<testsuite xmlns:xsi="http://www.w3.org/2001/XMLSchema-instance" xsi:noNamespaceSchemaLocation="https://maven.apache.org/surefire/maven-surefire-plugin/xsd/surefire-test-report.xsd" name="config.PollerTest" time="0.424" tests="2" errors="0" skipped="0" failures="0">
  <properties>
[...]
</properties>
  <testcase name="testCopyFiles" classname="config.PollerTest" time="0.091"/>
  <testcase name="testConfigLoad" classname="config.PollerTest" time="0.005"/>
</testsuite>